1703663513219:ls
1703663516241:list
1703663524322:ls
1703663552610:add --name "Ivan" --lname "Ivanov" --age 30
1703663557650:ls
1703663560679:list
1703663563707:ls
1703663605086:add --name "Petr" --lname "Petrov" --age 35
1703663621229:del 1
1703663623245:ls
1703663627296:clear
1703664002372:add "Evan" "Ivanov" 30
1703664005394:cls
1703669256951:add i i 1
1703670654236:ls
1703670679850:add i i 1
1703671770666:ls
1703672444280:asd
1703672493647:help
1703672518847:clear
1703672530953:ls
1703672533979:clear
1703672543071:history
1703672570798:clear
1703672587947:help
1703673031617:asdasd
1703673229174:help
1703673240275:rm --all
1703673271309:delete --all
1703673277349:rm --all
1703673580872:ls
1703673584910:add i i 1
1703673588942:rm 3
1703673617055:ls
1703673620078:ad i i 1
1703673625126:add i i 1
1703673627140:ls
1703673629160:rm 1
1703673632182:cln
1703673635210:clear
1703673637229:exit
1703682858218:exit;
1703682860661:exit
